<?xml version="1.0" encoding="UTF-8"?>
<testsuite xmlns:xsi="http://www.w3.org/2001/XMLSchema-instance" xsi:noNamespaceSchemaLocation="https://maven.apache.org/surefire/maven-surefire-plugin/xsd/surefire-test-report.xsd" name="it.tndigitale.a4g.fascicolo.anagrafica.business.service.mandato.OperazioniGenericheMandatoTests" time="10.578" tests="4" errors="0" skipped="0" failures="0">
  <properties>
[...]
</properties>
  <testcase name="elencoMandatiNotEmpty" classname="it.tndigitale.a4g.fascicolo.anagrafica.business.service.mandato.OperazioniGenericheMandatoTests" time="0.029"/>
  <testcase name="elencoMandatiSenzaDetenzione" classname="it.tndigitale.a4g.fascicolo.anagrafica.business.service.mandato.OperazioniGenericheMandatoTests" time="0.011"/>
  <testcase name="getDocumentoDtoPerPersonaFisicaService" classname="it.tndigitale.a4g.fascicolo.anagrafica.business.service.mandato.OperazioniGenericheMandatoTests" time="0.024"/>
  <testcase name="getDocumentoDtoPerPersonaGiuridicaService" classname="it.tndigitale.a4g.fascicolo.anagrafica.business.service.mandato.OperazioniGenericheMandatoTests" time="0.021"/>
</testsuite>