<?xml version="1.0" encoding="UTF-8"?>
<testsuite xmlns:xsi="http://www.w3.org/2001/XMLSchema-instance" xsi:noNamespaceSchemaLocation="https://maven.apache.org/surefire/maven-surefire-plugin/xsd/surefire-test-report.xsd" name="it.tndigitale.a4g.proxy.bdn.service.manager.ConsistenzaAllevamentoManagerTest" time="12.172" tests="1" errors="0" skipped="0" failures="0">
  <properties>
[...]
</properties>
  <testcase name="aggiungoLocazioneNuovaAzienda" classname="it.tndigitale.a4g.proxy.bdn.service.manager.ConsistenzaAllevamentoManagerTest" time="0.025"/>
</testsuite>