<?xml version="1.0" encoding="UTF-8"?>
<testsuite xmlns:xsi="http://www.w3.org/2001/XMLSchema-instance" xsi:noNamespaceSchemaLocation="https://maven.apache.org/surefire/maven-surefire-plugin/xsd/surefire-test-report.xsd" name="it.tndigitale.a4g.proxy.bdn.wsbdninterrogazioni.service.InterrogazioniAziendeServiceImplTest" time="18.944" tests="1" errors="0" skipped="0" failures="0">
  <properties>
[...]
</properties>
  <testcase name="testAzienda012TN004" classname="it.tndigitale.a4g.proxy.bdn.wsbdninterrogazioni.service.InterrogazioniAziendeServiceImplTest" time="2.145"/>
</testsuite>